<?xml version="1.0" encoding="UTF-8"?>
<!-- Generated by org.testng.reporters.JUnitReportReporter -->
<testsuite hostname="sushant-Inspiron-3442" name="JenkinsDemo.JenkinsDemo1" tests="1" failures="0" timestamp="24 Jul 2015 07:14:33 GMT" time="0.005" errors="0">
  <testcase name="jenkinsDemo" time="0.005" classname="JenkinsDemo.JenkinsDemo1"/>
</testsuite> <!-- JenkinsDemo.JenkinsDemo1 -->
